<?xml version="1.0" encoding="UTF-8"?>
<testng-results ignored="1" total="2" passed="1" failed="0" skipped="0">
  <reporter-output>
  </reporter-output>
  <suite started-at="2022-06-09T12:15:42 IST" name="Default suite" finished-at="2022-06-09T12:15:44 IST" duration-ms="1601">
    <groups>
    </groups>
    <test started-at="2022-06-09T12:15:42 IST" name="Default test" finished-at="2022-06-09T12:15:44 IST" duration-ms="1601">
      <class name="Academy.TestCase">
        <test-method is-config="true" signature="initialize()[pri:0, instance:Academy.TestCase@28ec166e]" started-at="2022-06-09T12:15:42 IST" name="initialize" finished-at="2022-06-09T12:15:43 IST" duration-ms="1253" status="PASS">
          <reporter-output>
          </reporter-output>
        </test-method> <!-- initialize -->
        <test-method signature="validateloginPageWithLockedOutUser()[pri:1, instance:Academy.TestCase@28ec166e]" started-at="2022-06-09T12:15:43 IST" name="validateloginPageWithLockedOutUser" finished-at="2022-06-09T12:15:44 IST" duration-ms="295" status="PASS">
          <reporter-output>
          </reporter-output>
        </test-method> <!-- validateloginPageWithLockedOutUser -->
        <test-method is-config="true" signature="tearDown()[pri:0, instance:Academy.TestCase@28ec166e]" started-at="2022-06-09T12:15:44 IST" name="tearDown" finished-at="2022-06-09T12:15:44 IST" duration-ms="36" status="PASS">
          <reporter-output>
          </reporter-output>
        </test-method> <!-- tearDown -->
      </class> <!-- Academy.TestCase -->
    </test> <!-- Default test -->
  </suite> <!-- Default suite -->
</testng-results>
