<?xml version="1.0" encoding="UTF-8"?>
<!-- Generated by org.testng.reporters.JUnitXMLReporter -->
<testsuite ignored="1" hostname="NDI-LAP-206" failures="0" tests="1" name="Default test" time="1.601" errors="0" timestamp="2022-06-09T12:15:44 IST">
  <testcase classname="Academy.TestCase" name="validateloginPageWithLockedOutUser" time="0.295"/>
  <testcase classname="Academy.TestCase" name="validateloginPage" time="0.0">
    <ignored/>
  </testcase> <!-- validateloginPage -->
</testsuite> <!-- Default test -->
